<?xml version="1.0" encoding="UTF-8"?>
<testng-results skipped="0" failed="0" ignored="0" total="2" passed="2">
  <reporter-output>
  </reporter-output>
  <suite name="Default suite" duration-ms="17432" started-at="2020-02-19T11:14:23 PST" finished-at="2020-02-19T11:14:40 PST">
    <groups>
    </groups>
    <test name="Default test" duration-ms="17432" started-at="2020-02-19T11:14:23 PST" finished-at="2020-02-19T11:14:40 PST">
      <class name="Sample.BeforeAndAfterMedhods">
        <test-method status="PASS" signature="launchBrowser()[pri:0, instance:Sample.BeforeAndAfterMedhods@5fcd892a]" name="launchBrowser" is-config="true" duration-ms="8725" started-at="2020-02-19T11:14:23 PST" finished-at="2020-02-19T11:14:31 PST">
          <reporter-output>
          </reporter-output>
        </test-method> <!-- launchBrowser -->
        <test-method status="PASS" signature="verifyHomepageTitle()[pri:0, instance:Sample.BeforeAndAfterMedhods@5fcd892a]" name="verifyHomepageTitle" is-config="true" duration-ms="9" started-at="2020-02-19T11:14:31 PST" finished-at="2020-02-19T11:14:31 PST">
          <reporter-output>
          </reporter-output>
        </test-method> <!-- verifyHomepageTitle -->
        <test-method status="PASS" signature="register()[pri:0, instance:Sample.BeforeAndAfterMedhods@5fcd892a]" name="register" duration-ms="2317" started-at="2020-02-19T11:14:31 PST" finished-at="2020-02-19T11:14:34 PST">
          <reporter-output>
          </reporter-output>
        </test-method> <!-- register -->
        <test-method status="PASS" signature="backToHomePage()[pri:0, instance:Sample.BeforeAndAfterMedhods@5fcd892a]" name="backToHomePage" is-config="true" duration-ms="2006" started-at="2020-02-19T11:14:34 PST" finished-at="2020-02-19T11:14:36 PST">
          <reporter-output>
          </reporter-output>
        </test-method> <!-- backToHomePage -->
        <test-method status="PASS" signature="verifyHomepageTitle()[pri:0, instance:Sample.BeforeAndAfterMedhods@5fcd892a]" name="verifyHomepageTitle" is-config="true" duration-ms="23" started-at="2020-02-19T11:14:36 PST" finished-at="2020-02-19T11:14:36 PST">
          <reporter-output>
          </reporter-output>
        </test-method> <!-- verifyHomepageTitle -->
        <test-method status="PASS" signature="support()[pri:1, instance:Sample.BeforeAndAfterMedhods@5fcd892a]" name="support" duration-ms="1338" started-at="2020-02-19T11:14:36 PST" finished-at="2020-02-19T11:14:37 PST">
          <reporter-output>
          </reporter-output>
        </test-method> <!-- support -->
        <test-method status="PASS" signature="backToHomePage()[pri:0, instance:Sample.BeforeAndAfterMedhods@5fcd892a]" name="backToHomePage" is-config="true" duration-ms="1371" started-at="2020-02-19T11:14:37 PST" finished-at="2020-02-19T11:14:38 PST">
          <reporter-output>
          </reporter-output>
        </test-method> <!-- backToHomePage -->
        <test-method status="PASS" signature="terminateBrowser()[pri:0, instance:Sample.BeforeAndAfterMedhods@5fcd892a]" name="terminateBrowser" is-config="true" duration-ms="1584" started-at="2020-02-19T11:14:38 PST" finished-at="2020-02-19T11:14:40 PST">
          <reporter-output>
          </reporter-output>
        </test-method> <!-- terminateBrowser -->
      </class> <!-- Sample.BeforeAndAfterMedhods -->
    </test> <!-- Default test -->
  </suite> <!-- Default suite -->
</testng-results>
